\BOOKMARK [0][-]{section*.1}{\376\377\116\055\145\207\144\130\211\201}{}% 1
\BOOKMARK [0][-]{section*.2}{\376\377\202\361\145\207\144\130\211\201}{}% 2
\BOOKMARK [0][-]{chapter.1}{\376\377\176\352\000\040\000\040\213\272}{}% 3
\BOOKMARK [1][-]{section.1.1}{\376\377\225\356\230\230\200\314\146\157\123\312\170\024\172\166\141\017\116\111}{chapter.1}% 4
\BOOKMARK [0][-]{chapter.2}{\376\377\127\372\147\054\123\237\164\006\116\016\145\271\154\325\116\313\176\315}{}% 5
\BOOKMARK [1][-]{section.2.1}{\376\377\170\024\172\166\145\271\154\325}{chapter.2}% 6
\BOOKMARK [1][-]{section.2.2}{\376\377\123\167\171\357\171\136\176\317\177\121\176\334\173\200\116\313}{chapter.2}% 7
\BOOKMARK [1][-]{section.2.3}{\376\377\123\167\171\357\171\136\176\317\177\121\176\334\127\372\147\054\176\323\147\204}{chapter.2}% 8
\BOOKMARK [2][-]{subsection.2.3.1}{\376\377\123\167\171\357\134\102}{section.2.3}% 9
\BOOKMARK [2][-]{subsection.2.3.2}{\376\377\154\140\123\026\134\102}{section.2.3}% 10
\BOOKMARK [2][-]{subsection.2.3.3}{\376\377\121\150\217\336\143\245\134\102}{section.2.3}% 11
\BOOKMARK [1][-]{section.2.4}{\376\377\170\024\172\166\142\100\165\050\122\060\166\204\171\136\176\317\177\121\176\334\152\041\127\213}{chapter.2}% 12
\BOOKMARK [2][-]{subsection.2.4.1}{\376\377\000V\000G\000G\0001\0006}{section.2.4}% 13
\BOOKMARK [2][-]{subsection.2.4.2}{\376\377\000R\000e\000s\000N\000e\000t\0005\0000}{section.2.4}% 14
\BOOKMARK [2][-]{subsection.2.4.3}{\376\377\000D\000e\000n\000s\000e\000N\000e\000t\0002\0000\0001}{section.2.4}% 15
\BOOKMARK [1][-]{section.2.5}{\376\377\173\227\154\325\155\101\172\013}{chapter.2}% 16
\BOOKMARK [0][-]{chapter.3}{\376\377\133\236\232\214\124\214\122\006\147\220}{}% 17
\BOOKMARK [1][-]{section.3.1}{\376\377\145\160\143\156\226\306}{chapter.3}% 18
\BOOKMARK [2][-]{subsection.3.1.1}{\376\377\000B\000r\000e\000a\000k\000H\000i\000s\145\160\143\156\226\306}{section.3.1}% 19
\BOOKMARK [2][-]{subsection.3.1.2}{\376\377\000I\000N\000b\000r\000e\000a\000s\000t\145\160\143\156\226\306}{section.3.1}% 20
\BOOKMARK [1][-]{section.3.2}{\376\377\133\236\232\214\176\323\147\234\122\006\147\220}{chapter.3}% 21
\BOOKMARK [2][-]{subsection.3.2.1}{\376\377\116\015\124\014\166\204\145\160\143\156\226\306\176\323\147\204}{section.3.2}% 22
\BOOKMARK [2][-]{subsection.3.2.2}{\376\377\116\015\124\014\166\204\122\006\174\173\145\271\137\017}{section.3.2}% 23
\BOOKMARK [2][-]{subsection.3.2.3}{\376\377\116\015\124\014\166\204\171\136\176\317\177\121\176\334\152\041\127\213}{section.3.2}% 24
\BOOKMARK [2][-]{subsection.3.2.4}{\376\377\116\015\124\014\166\204\145\160\143\156\226\306}{section.3.2}% 25
\BOOKMARK [2][-]{subsection.3.2.5}{\376\377\226\104\230\165\116\343\170\001}{section.3.2}% 26
\BOOKMARK [2][-]{subsection.3.2.6}{\376\377\123\302\200\003\145\207\163\056}{section.3.2}% 27
\BOOKMARK [2][-]{subsection.3.2.7}{\376\377\137\025\165\050\126\376\060\001\210\150\060\001\121\154\137\017\060\001\172\340\202\202}{section.3.2}% 28
\BOOKMARK [0][-]{section*.22}{\376\377\123\302\200\003\145\207\163\056}{}% 29
\BOOKMARK [0][-]{section*.24}{\376\377\226\104\137\125}{}% 30
\BOOKMARK [0][-]{section*.26}{\376\377\201\364\214\042}{}% 31
